Sat Mar 17 19:20:51 GMT+05:30 2012  [debug] AvalonLogSystem initialized using logfile 'velocity.log'
Sat Mar 17 19:20:51 GMT+05:30 2012   [info] ************************************************************** 
Sat Mar 17 19:20:51 GMT+05:30 2012   [info] Starting Jakarta Velocity v1.4
Sat Mar 17 19:20:51 GMT+05:30 2012   [info] RuntimeInstance initializing.
Sat Mar 17 19:20:51 GMT+05:30 2012   [info] Default Properties File: org/apache/velocity/runtime/defaults/velocity.properties
Sat Mar 17 19:20:51 GMT+05:30 2012   [info] Trying to use logger class org.apache.velocity.runtime.log.AvalonLogSystem
Sat Mar 17 19:20:51 GMT+05:30 2012   [info] Using logger class org.apache.velocity.runtime.log.AvalonLogSystem
Sat Mar 17 19:20:51 GMT+05:30 2012   [info] Default ResourceManager initializing. (class org.apache.velocity.runtime.resource.ResourceManagerImpl)
Sat Mar 17 19:20:51 GMT+05:30 2012   [info] Resource Loader Instantiated: org.apache.velocity.runtime.resource.loader.ClasspathResourceLoader
Sat Mar 17 19:20:51 GMT+05:30 2012   [info] ClasspathResourceLoader : initialization starting.
Sat Mar 17 19:20:51 GMT+05:30 2012   [info] ClasspathResourceLoader : initialization complete.
Sat Mar 17 19:20:51 GMT+05:30 2012   [info] ResourceCache : initialized. (class org.apache.velocity.runtime.resource.ResourceCacheImpl)
Sat Mar 17 19:20:51 GMT+05:30 2012   [info] Default ResourceManager initialization complete.
Sat Mar 17 19:20:51 GMT+05:30 2012   [info] Loaded System Directive: org.apache.velocity.runtime.directive.Literal
Sat Mar 17 19:20:51 GMT+05:30 2012   [info] Loaded System Directive: org.apache.velocity.runtime.directive.Macro
Sat Mar 17 19:20:51 GMT+05:30 2012   [info] Loaded System Directive: org.apache.velocity.runtime.directive.Parse
Sat Mar 17 19:20:51 GMT+05:30 2012   [info] Loaded System Directive: org.apache.velocity.runtime.directive.Include
Sat Mar 17 19:20:51 GMT+05:30 2012   [info] Loaded System Directive: org.apache.velocity.runtime.directive.Foreach
Sat Mar 17 19:20:51 GMT+05:30 2012   [info] Created: 20 parsers.
Sat Mar 17 19:20:51 GMT+05:30 2012   [info] Velocimacro : initialization starting.
Sat Mar 17 19:20:51 GMT+05:30 2012   [info] Velocimacro : adding VMs from VM library template : VM_global_library.vm
Sat Mar 17 19:20:51 GMT+05:30 2012  [error] ResourceManager : unable to find resource 'VM_global_library.vm' in any resource loader.
Sat Mar 17 19:20:51 GMT+05:30 2012   [info] Velocimacro : error using  VM library template VM_global_library.vm : org.apache.velocity.exception.ResourceNotFoundException: Unable to find resource 'VM_global_library.vm'
Sat Mar 17 19:20:51 GMT+05:30 2012   [info] Velocimacro :  VM library template macro registration complete.
Sat Mar 17 19:20:51 GMT+05:30 2012   [info] Velocimacro : allowInline = true : VMs can be defined inline in templates
Sat Mar 17 19:20:51 GMT+05:30 2012   [info] Velocimacro : allowInlineToOverride = false : VMs defined inline may NOT replace previous VM definitions
Sat Mar 17 19:20:51 GMT+05:30 2012   [info] Velocimacro : allowInlineLocal = false : VMs defined inline will be  global in scope if allowed.
Sat Mar 17 19:20:51 GMT+05:30 2012   [info] Velocimacro : messages on  : VM system will output logging messages
Sat Mar 17 19:20:51 GMT+05:30 2012   [info] Velocimacro : autoload off  : VM system will not automatically reload global library macros
Sat Mar 17 19:20:51 GMT+05:30 2012   [info] Velocimacro : initialization complete.
Sat Mar 17 19:20:51 GMT+05:30 2012   [info] Velocity successfully started.
Sat Mar 17 19:20:52 GMT+05:30 2012   [info] ResourceManager : found org/uncommons/reportng/templates/html/index.html.vm with loader org.apache.velocity.runtime.resource.loader.ClasspathResourceLoader
Sat Mar 17 19:20:52 GMT+05:30 2012   [info] ResourceManager : found org/uncommons/reportng/templates/html/overview.html.vm with loader org.apache.velocity.runtime.resource.loader.ClasspathResourceLoader
Sat Mar 17 19:20:52 GMT+05:30 2012   [info] ResourceManager : found org/uncommons/reportng/templates/html/suites.html.vm with loader org.apache.velocity.runtime.resource.loader.ClasspathResourceLoader
Sat Mar 17 19:20:52 GMT+05:30 2012   [info] ResourceManager : found org/uncommons/reportng/templates/html/results.html.vm with loader org.apache.velocity.runtime.resource.loader.ClasspathResourceLoader
Sat Mar 17 19:20:52 GMT+05:30 2012   [info] ResourceManager : found org/uncommons/reportng/templates/html/class-results.html.vm with loader org.apache.velocity.runtime.resource.loader.ClasspathResourceLoader
